<?xml version="1.0" encoding="UTF-8"?>
<testng-results skipped="0" failed="0" ignored="0" total="1" passed="1">
  <reporter-output>
  </reporter-output>
  <suite name="Surefire suite" duration-ms="64" started-at="2021-03-28T09:11:14 BST" finished-at="2021-03-28T09:11:14 BST">
    <groups>
    </groups>
    <test name="Surefire test" duration-ms="64" started-at="2021-03-28T09:11:14 BST" finished-at="2021-03-28T09:11:14 BST">
      <class name="qaclickacademy.MavenJava.FirstTest">
        <test-method status="PASS" signature="test1()[pri:0, instance:qaclickacademy.MavenJava.FirstTest@50b494a6]" name="test1" duration-ms="6" started-at="2021-03-28T09:11:14 BST" finished-at="2021-03-28T09:11:14 BST">
          <reporter-output>
          </reporter-output>
        </test-method> <!-- test1 -->
      </class> <!-- qaclickacademy.MavenJava.FirstTest -->
    </test> <!-- Surefire test -->
  </suite> <!-- Surefire suite -->
</testng-results>
